<?xml version="1.0" encoding="UTF-8"?>
<!-- Generated by org.testng.reporters.JUnitReportReporter -->
<testsuite skipped="0" hostname="Monica-Lenovo" name="com.crm.qa.testcases.LoginPageTest" tests="1" failures="0" timestamp="17 Jun 2018 17:56:22 GMT" time="27.488" errors="0">
  <testcase name="loginPageTitleTest" time="27.488" classname="com.crm.qa.testcases.LoginPageTest"/>
</testsuite> <!-- com.crm.qa.testcases.LoginPageTest -->
