<?xml version="1.0" encoding="UTF-8" ?>
<testsuite tests="5" failures="2" name="TestSuite" time="111.962" errors="0" skipped="2">
  <properties>
    <property name="java.runtime.name" value="Java(TM) SE Runtime Environment"/>
    <property name="sun.boot.library.path" value="C:\Program Files\Java\jdk1.8.0_161\jre\bin"/>
    <property name="java.vm.version" value="25.161-b12"/>
    <property name="java.vm.vendor" value="Oracle Corporation"/>
    <property name="maven.multiModuleProjectDirectory" value="F:\2 Study Material\1 Software Testing\4 Automation Testing\Selenium\1 Selenium Project\FreeCRMMavenTestNGPageFact"/>
    <property name="java.vendor.url" value="http://java.oracle.com/"/>
    <property name="path.separator" value=";"/>
    <property name="guice.disable.misplaced.annotation.check" value="true"/>
    <property name="java.vm.name" value="Java HotSpot(TM) 64-Bit Server VM"/>
    <property name="file.encoding.pkg" value="sun.io"/>
    <property name="user.script" value=""/>
    <property name="user.country" value="IN"/>
    <property name="sun.java.launcher" value="SUN_STANDARD"/>
    <property name="sun.os.patch.level" value=""/>
    <property name="java.vm.specification.name" value="Java Virtual Machine Specification"/>
    <property name="user.dir" value="F:\2 Study Material\1 Software Testing\4 Automation Testing\Selenium\1 Selenium Project\FreeCRMMavenTestNGPageFact"/>
    <property name="java.runtime.version" value="1.8.0_161-b12"/>
    <property name="java.awt.graphicsenv" value="sun.awt.Win32GraphicsEnvironment"/>
    <property name="java.endorsed.dirs" value="C:\Program Files\Java\jdk1.8.0_161\jre\lib\endorsed"/>
    <property name="os.arch" value="amd64"/>
    <property name="java.io.tmpdir" value="C:\Users\kirti\AppData\Local\Temp\"/>
    <property name="line.separator" value="
"/>
    <property name="java.vm.specification.vendor" value="Oracle Corporation"/>
    <property name="user.variant" value=""/>
    <property name="os.name" value="Windows 10"/>
    <property name="classworlds.conf" value="F:\2 Study Material\1 Software Testing\4 Automation Testing\Selenium\1 Selenium Project\.metadata\.plugins\org.eclipse.m2e.launching\launches\m2conf4114038035120710848.tmp"/>
    <property name="sun.jnu.encoding" value="Cp1252"/>
    <property name="java.library.path" value="C:\Program Files\Java\jdk1.8.0_161\bin;C:\WINDOWS\Sun\Java\bin;C:\WINDOWS\system32;C:\WINDOWS;C:/Program Files/Java/jre1.8.0_171/bin/server;C:/Program Files/Java/jre1.8.0_171/bin;C:/Program Files/Java/jre1.8.0_171/lib/amd64;C:\Program Files (x86)\Common Files\Oracle\Java\javapath;C:\ProgramData\Oracle\Java\javapath;C:\Program Files (x86)\Lenovo\FusionEngine;C:\Program Files (x86)\Intel\iCLS Client\;C:\Program Files\Intel\iCLS Client\;C:\WINDOWS\system32;C:\WINDOWS;C:\WINDOWS\System32\Wbem;C:\WINDOWS\System32\WindowsPowerShell\v1.0\;C:\Program Files\Intel\Intel(R) Management Engine Components\DAL;C:\Program Files\Intel\Intel(R) Management Engine Components\IPT;C:\Program Files (x86)\Intel\Intel(R) Management Engine Components\DAL;C:\Program Files (x86)\Intel\Intel(R) Management Engine Components\IPT;C:\Program Files (x86)\ATI Technologies\ATI.ACE\Core-Static;C:\Program Files\Intel\WiFi\bin\;C:\Program Files\Common Files\Intel\WirelessCommon\;C:\Program Files (x86)\Lenovo\Password Manager\;C:\Program Files\Java\jdk1.7.0_79\bin;C:\Program Files (x86)\Common Files\lenovo\easyplussdk\bin;C:\Program Files (x86)\Skype\Phone\;C:\Program Files (x86)\Brackets\command;C:\Program Files\nodejs\;C:\WINDOWS\System32\OpenSSH\;C:\Program Files\Git\cmd;C:\Program Files\maven\bin;C:\Program Files\Java\jdk1.8.0_161\bin;C:\Program Files\Java\jdk-9.0.1\bin;C:\Users\kirti\AppData\Local\Microsoft\WindowsApps;C:\Users\kirti\AppData\Roaming\npm;C:\Program Files\Microsoft VS Code\bin;;;G:\4SWs\spring-tool-suite-3.9.2.RELEASE-e4.7.2-win32-x86_64\sts-bundle\sts-3.9.2.RELEASE;;."/>
    <property name="java.specification.name" value="Java Platform API Specification"/>
    <property name="java.class.version" value="52.0"/>
    <property name="sun.management.compiler" value="HotSpot 64-Bit Tiered Compilers"/>
    <property name="os.version" value="10.0"/>
    <property name="user.home" value="C:\Users\kirti"/>
    <property name="user.timezone" value="Asia/Calcutta"/>
    <property name="java.awt.printerjob" value="sun.awt.windows.WPrinterJob"/>
    <property name="java.specification.version" value="1.8"/>
    <property name="file.encoding" value="Cp1252"/>
    <property name="user.name" value="kirti"/>
    <property name="java.class.path" value="G:\4SWs\spring-tool-suite-3.9.2.RELEASE-e4.7.2-win32-x86_64\sts-bundle\sts-3.9.2.RELEASE\plugins\org.eclipse.m2e.maven.runtime_1.8.3.20180227-2135\jars\plexus-classworlds-2.5.2.jar"/>
    <property name="java.vm.specification.version" value="1.8"/>
    <property name="sun.arch.data.model" value="64"/>
    <property name="java.home" value="C:\Program Files\Java\jdk1.8.0_161\jre"/>
    <property name="sun.java.command" value="org.codehaus.plexus.classworlds.launcher.Launcher -B install"/>
    <property name="java.specification.vendor" value="Oracle Corporation"/>
    <property name="user.language" value="en"/>
    <property name="awt.toolkit" value="sun.awt.windows.WToolkit"/>
    <property name="java.vm.info" value="mixed mode"/>
    <property name="java.version" value="1.8.0_161"/>
    <property name="java.ext.dirs" value="C:\Program Files\Java\jdk1.8.0_161\jre\lib\ext;C:\WINDOWS\Sun\Java\lib\ext"/>
    <property name="sun.boot.class.path" value="C:\Program Files\Java\jdk1.8.0_161\jre\lib\resources.jar;C:\Program Files\Java\jdk1.8.0_161\jre\lib\rt.jar;C:\Program Files\Java\jdk1.8.0_161\jre\lib\sunrsasign.jar;C:\Program Files\Java\jdk1.8.0_161\jre\lib\jsse.jar;C:\Program Files\Java\jdk1.8.0_161\jre\lib\jce.jar;C:\Program Files\Java\jdk1.8.0_161\jre\lib\charsets.jar;C:\Program Files\Java\jdk1.8.0_161\jre\lib\jfr.jar;C:\Program Files\Java\jdk1.8.0_161\jre\classes"/>
    <property name="java.vendor" value="Oracle Corporation"/>
    <property name="maven.home" value="F:\2 Study Material\1 Software Testing\4 Automation Testing\Selenium\1 Selenium Project\FreeCRMMavenTestNGPageFact\EMBEDDED"/>
    <property name="file.separator" value="\"/>
    <property name="java.vendor.url.bug" value="http://bugreport.sun.com/bugreport/"/>
    <property name="sun.cpu.endian" value="little"/>
    <property name="sun.io.unicode.encoding" value="UnicodeLittle"/>
    <property name="sun.desktop" value="windows"/>
    <property name="sun.cpu.isalist" value="amd64"/>
  </properties>
  <testcase classname="com.crm.qa.testcases.ContactsPageTest" name="setUp" time="37.287">
    <failure message="Unable to locate element: //a[contains(text(),&apos;Contacts&apos;)]
For documentation on this error, please visit: http://seleniumhq.org/exceptions/no_such_element.html
Build info: version: &apos;3.12.0&apos;, revision: &apos;7c6e0b3&apos;, time: &apos;2018-05-08T14:04:26.12Z&apos;
System info: host: &apos;MONICA-LENOVO&apos;, ip: &apos;192.168.0.108&apos;, os.name: &apos;Windows 10&apos;, os.arch: &apos;amd64&apos;, os.version: &apos;10.0&apos;, java.version: &apos;1.8.0_161&apos;
Driver info: org.openqa.selenium.firefox.FirefoxDriver
Capabilities {acceptInsecureCerts: true, browserName: firefox, browserVersion: 60.0.2, javascriptEnabled: true, moz:accessibilityChecks: false, moz:headless: false, moz:processID: 10912, moz:profile: C:\Users\kirti\AppData\Loca..., moz:useNonSpecCompliantPointerOrigin: false, moz:webdriverClick: true, pageLoadStrategy: normal, platform: XP, platformName: XP, platformVersion: 10.0, rotatable: false, timeouts: {implicit: 0, pageLoad: 300000, script: 30000}}
Session ID: 5da15255-5d98-4c9d-a376-ca1e40be8eae
*** Element info: {Using=xpath, value=//a[contains(text(),&apos;Contacts&apos;)]}" type="org.openqa.selenium.NoSuchElementException">org.openqa.selenium.NoSuchElementException: Unable to locate element: //a[contains(text(),&apos;Contacts&apos;)]
For documentation on this error, please visit: http://seleniumhq.org/exceptions/no_such_element.html
Build info: version: &apos;3.12.0&apos;, revision: &apos;7c6e0b3&apos;, time: &apos;2018-05-08T14:04:26.12Z&apos;
System info: host: &apos;MONICA-LENOVO&apos;, ip: &apos;192.168.0.108&apos;, os.name: &apos;Windows 10&apos;, os.arch: &apos;amd64&apos;, os.version: &apos;10.0&apos;, java.version: &apos;1.8.0_161&apos;
Driver info: org.openqa.selenium.firefox.FirefoxDriver
Capabilities {acceptInsecureCerts: true, browserName: firefox, browserVersion: 60.0.2, javascriptEnabled: true, moz:accessibilityChecks: false, moz:headless: false, moz:processID: 10912, moz:profile: C:\Users\kirti\AppData\Loca..., moz:useNonSpecCompliantPointerOrigin: false, moz:webdriverClick: true, pageLoadStrategy: normal, platform: XP, platformName: XP, platformVersion: 10.0, rotatable: false, timeouts: {implicit: 0, pageLoad: 300000, script: 30000}}
Session ID: 5da15255-5d98-4c9d-a376-ca1e40be8eae
*** Element info: {Using=xpath, value=//a[contains(text(),&apos;Contacts&apos;)]}
	at sun.reflect.NativeConstructorAccessorImpl.newInstance0(Native Method)
	at sun.reflect.NativeConstructorAccessorImpl.newInstance(NativeConstructorAccessorImpl.java:62)
	at sun.reflect.DelegatingConstructorAccessorImpl.newInstance(DelegatingConstructorAccessorImpl.java:45)
	at java.lang.reflect.Constructor.newInstance(Constructor.java:423)
	at org.openqa.selenium.remote.http.W3CHttpResponseCodec.createException(W3CHttpResponseCodec.java:187)
	at org.openqa.selenium.remote.http.W3CHttpResponseCodec.decode(W3CHttpResponseCodec.java:122)
	at org.openqa.selenium.remote.http.W3CHttpResponseCodec.decode(W3CHttpResponseCodec.java:49)
	at org.openqa.selenium.remote.HttpCommandExecutor.execute(HttpCommandExecutor.java:158)
	at org.openqa.selenium.remote.service.DriverCommandExecutor.execute(DriverCommandExecutor.java:83)
	at org.openqa.selenium.remote.RemoteWebDriver.execute(RemoteWebDriver.java:543)
	at org.openqa.selenium.remote.RemoteWebDriver.findElement(RemoteWebDriver.java:317)
	at org.openqa.selenium.remote.RemoteWebDriver.findElementByXPath(RemoteWebDriver.java:419)
	at org.openqa.selenium.By$ByXPath.findElement(By.java:353)
	at org.openqa.selenium.remote.RemoteWebDriver.findElement(RemoteWebDriver.java:309)
	at sun.reflect.NativeMethodAccessorImpl.invoke0(Native Method)
	at sun.reflect.NativeMethodAccessorImpl.invoke(NativeMethodAccessorImpl.java:62)
	at sun.reflect.DelegatingMethodAccessorImpl.invoke(DelegatingMethodAccessorImpl.java:43)
	at java.lang.reflect.Method.invoke(Method.java:498)
	at org.openqa.selenium.support.events.EventFiringWebDriver.lambda$new$1(EventFiringWebDriver.java:103)
	at com.sun.proxy.$Proxy6.findElement(Unknown Source)
	at org.openqa.selenium.support.events.EventFiringWebDriver.findElement(EventFiringWebDriver.java:186)
	at org.openqa.selenium.support.pagefactory.DefaultElementLocator.findElement(DefaultElementLocator.java:69)
	at org.openqa.selenium.support.pagefactory.internal.LocatingElementHandler.invoke(LocatingElementHandler.java:38)
	at com.sun.proxy.$Proxy10.click(Unknown Source)
	at com.crm.qa.pages.HomePage.clickContactsLink(HomePage.java:56)
	at com.crm.qa.testcases.ContactsPageTest.setUp(ContactsPageTest.java:39)
</failure>
    <system-out>Configuring TestNG with: org.apache.maven.surefire.testng.conf.TestNG652Configurator@1c6b6478
F:\2 Study Material\1 Software Testing\4 Automation Testing\Selenium\1 Selenium Project\FreeCRMMavenTestNGPageFact
\lib\geckodriver\geckodriver.exe
Launching Firefox browser..
Before navigating to : &apos;https://www.freecrm.com/&apos;
After naigating to : &apos;https://www.freecrm.com/&apos;
Trying to find Element By : By.name: username
Found Element By : By.name: username
Value of the : [[FirefoxDriver: firefox on XP (5da15255-5d98-4c9d-a376-ca1e40be8eae)] -&gt; name: username]before any changes made
Element value changed to : [[FirefoxDriver: firefox on XP (5da15255-5d98-4c9d-a376-ca1e40be8eae)] -&gt; name: username]
Trying to find Element By : By.name: password
Found Element By : By.name: password
Value of the : [[FirefoxDriver: firefox on XP (5da15255-5d98-4c9d-a376-ca1e40be8eae)] -&gt; name: password]before any changes made
Element value changed to : [[FirefoxDriver: firefox on XP (5da15255-5d98-4c9d-a376-ca1e40be8eae)] -&gt; name: password]
Trying to find Element By : By.xpath: //a[contains(text(),&apos;Contacts&apos;)]
Exception occurerd :org.openqa.selenium.NoSuchElementException: Unable to locate element: //a[contains(text(),&apos;Contacts&apos;)]
For documentation on this error, please visit: http://seleniumhq.org/exceptions/no_such_element.html
Build info: version: &apos;3.12.0&apos;, revision: &apos;7c6e0b3&apos;, time: &apos;2018-05-08T14:04:26.12Z&apos;
System info: host: &apos;MONICA-LENOVO&apos;, ip: &apos;192.168.0.108&apos;, os.name: &apos;Windows 10&apos;, os.arch: &apos;amd64&apos;, os.version: &apos;10.0&apos;, java.version: &apos;1.8.0_161&apos;
Driver info: org.openqa.selenium.firefox.FirefoxDriver
Capabilities {acceptInsecureCerts: true, browserName: firefox, browserVersion: 60.0.2, javascriptEnabled: true, moz:accessibilityChecks: false, moz:headless: false, moz:processID: 10912, moz:profile: C:\Users\kirti\AppData\Loca..., moz:useNonSpecCompliantPointerOrigin: false, moz:webdriverClick: true, pageLoadStrategy: normal, platform: XP, platformName: XP, platformVersion: 10.0, rotatable: false, timeouts: {implicit: 0, pageLoad: 300000, script: 30000}}
Session ID: 5da15255-5d98-4c9d-a376-ca1e40be8eae
*** Element info: {Using=xpath, value=//a[contains(text(),&apos;Contacts&apos;)]}
Going to take screenshot : OutputType.FILE
Screenshot is being taen for : OutputType.FILE
</system-out>
    <system-err>1529258318217	geckodriver	INFO	geckodriver 0.20.1
1529258318244	geckodriver	INFO	Listening on 127.0.0.1:6506
1529258319400	mozrunner::runner	INFO	Running command: &quot;C:\\Program Files (x86)\\Mozilla Firefox\\firefox.exe&quot; &quot;-marionette&quot; &quot;-profile&quot; &quot;C:\\Users\\kirti\\AppData\\Local\\Temp\\rust_mozprofile.EsCYH01qFDPH&quot;
Unable to read VR Path Registry from C:\Users\kirti\AppData\Local\openvr\openvrpaths.vrpath
Unable to read VR Path Registry from C:\Users\kirti\AppData\Local\openvr\openvrpaths.vrpath
Unable to read VR Path Registry from C:\Users\kirti\AppData\Local\openvr\openvrpaths.vrpath
Unable to read VR Path Registry from C:\Users\kirti\AppData\Local\openvr\openvrpaths.vrpath
Unable to read VR Path Registry from C:\Users\kirti\AppData\Local\openvr\openvrpaths.vrpath
1529258327502	Marionette	INFO	Listening on port 54595
1529258328033	Marionette	WARN	TLS certificate errors will be ignored for this session
Jun 17, 2018 11:28:48 PM org.openqa.selenium.remote.ProtocolHandshake createSession
INFO: Detected dialect: W3C
</system-err>
  </testcase>
  <testcase classname="com.crm.qa.testcases.ContactsPageTest" name="verifyContactsPageLabel" time="37.303">
    <skipped/>
  </testcase>
  <testcase classname="com.crm.qa.testcases.ContactsPageTest" name="teardown" time="37.303">
    <skipped/>
  </testcase>
  <testcase classname="com.crm.qa.testcases.HomePageTest" name="verifyHomePageTitleTest" time="0.025">
    <failure message="Home Page title does not match expected [CRMPRO] but found [Free CRM software in the cloud powers sales and customer service]" type="java.lang.AssertionError">java.lang.AssertionError: Home Page title does not match expected [CRMPRO] but found [Free CRM software in the cloud powers sales and customer service]
	at org.testng.Assert.fail(Assert.java:96)
	at org.testng.Assert.failNotEquals(Assert.java:776)
	at org.testng.Assert.assertEqualsImpl(Assert.java:137)
	at org.testng.Assert.assertEquals(Assert.java:118)
	at org.testng.Assert.assertEquals(Assert.java:453)
	at com.crm.qa.testcases.HomePageTest.verifyHomePageTitleTest(HomePageTest.java:52)
</failure>
    <system-out>F:\2 Study Material\1 Software Testing\4 Automation Testing\Selenium\1 Selenium Project\FreeCRMMavenTestNGPageFact
\lib\geckodriver\geckodriver.exe
Launching Firefox browser..
Before navigating to : &apos;https://www.freecrm.com/&apos;
After naigating to : &apos;https://www.freecrm.com/&apos;
Trying to find Element By : By.name: username
Found Element By : By.name: username
Value of the : [[FirefoxDriver: firefox on XP (7bda1e91-8b92-4727-8c13-4ca0024190f0)] -&gt; name: username]before any changes made
Element value changed to : [[FirefoxDriver: firefox on XP (7bda1e91-8b92-4727-8c13-4ca0024190f0)] -&gt; name: username]
Trying to find Element By : By.name: password
Found Element By : By.name: password
Value of the : [[FirefoxDriver: firefox on XP (7bda1e91-8b92-4727-8c13-4ca0024190f0)] -&gt; name: password]before any changes made
Element value changed to : [[FirefoxDriver: firefox on XP (7bda1e91-8b92-4727-8c13-4ca0024190f0)] -&gt; name: password]
User is being Logged in
</system-out>
    <system-err>1529258351252	geckodriver	INFO	geckodriver 0.20.1
1529258351304	geckodriver	INFO	Listening on 127.0.0.1:20722
1529258351694	mozrunner::runner	INFO	Running command: &quot;C:\\Program Files (x86)\\Mozilla Firefox\\firefox.exe&quot; &quot;-marionette&quot; &quot;-profile&quot; &quot;C:\\Users\\kirti\\AppData\\Local\\Temp\\rust_mozprofile.A6EElZKFrd4R&quot;
Unable to read VR Path Registry from C:\Users\kirti\AppData\Local\openvr\openvrpaths.vrpath
Unable to read VR Path Registry from C:\Users\kirti\AppData\Local\openvr\openvrpaths.vrpath
Unable to read VR Path Registry from C:\Users\kirti\AppData\Local\openvr\openvrpaths.vrpath
Unable to read VR Path Registry from C:\Users\kirti\AppData\Local\openvr\openvrpaths.vrpath
1529258362819	Marionette	INFO	Listening on port 54667
1529258363561	Marionette	WARN	TLS certificate errors will be ignored for this session
Jun 17, 2018 11:29:23 PM org.openqa.selenium.remote.ProtocolHandshake createSession
INFO: Detected dialect: W3C
Unable to read VR Path Registry from C:\Users\kirti\AppData\Local\openvr\openvrpaths.vrpath
</system-err>
  </testcase>
  <testcase classname="com.crm.qa.testcases.LoginPageTest" name="loginPageTitleTest" time="0.044"/>
</testsuite>