<?xml version="1.0" encoding="UTF-8"?>
<!-- Generated by org.testng.reporters.JUnitReportReporter -->
<testsuite skipped="0" hostname="Monica-Lenovo" name="com.crm.qa.testcases.LoginPageTest" tests="3" failures="0" timestamp="15 Jun 2018 17:54:04 GMT" time="88.346" errors="0">
  <testcase name="loginPageTitleTest" time="25.182" classname="com.crm.qa.testcases.LoginPageTest"/>
  <testcase name="crmLogoImageTest" time="33.665" classname="com.crm.qa.testcases.LoginPageTest"/>
  <testcase name="loginTest" time="29.499" classname="com.crm.qa.testcases.LoginPageTest"/>
</testsuite> <!-- com.crm.qa.testcases.LoginPageTest -->
