<?xml version="1.0" encoding="UTF-8"?>
<!-- Generated by org.testng.reporters.JUnitReportReporter -->
<testsuite skipped="0" hostname="Monica-Lenovo" name="com.crm.qa.testcases.ExArrayList" tests="1" failures="0" timestamp="19 Jun 2018 19:23:00 GMT" time="0.312" errors="0">
  <testcase name="printArrayList" time="0.312" classname="com.crm.qa.testcases.ExArrayList"/>
</testsuite> <!-- com.crm.qa.testcases.ExArrayList -->
