<?xml version="1.0" encoding="UTF-8"?>
<!-- Generated by org.testng.reporters.JUnitReportReporter -->
<testsuite skipped="0" hostname="Monica-Lenovo" name="com.crm.qa.testcases.LoginPageTest" tests="3" failures="0" timestamp="17 Jun 2018 16:40:54 GMT" time="86.796" errors="0">
  <testcase name="loginPageTitleTest" time="33.050" classname="com.crm.qa.testcases.LoginPageTest"/>
  <testcase name="crmLogoImageTest" time="27.354" classname="com.crm.qa.testcases.LoginPageTest"/>
  <testcase name="loginTest" time="26.392" classname="com.crm.qa.testcases.LoginPageTest"/>
</testsuite> <!-- com.crm.qa.testcases.LoginPageTest -->
