<?xml version="1.0" encoding="UTF-8"?>
<!-- Generated by org.testng.reporters.JUnitReportReporter -->
<testsuite skipped="0" hostname="Monica-Lenovo" name="com.crm.qa.testcases.LoginPageTest" tests="1" failures="0" timestamp="15 Jun 2018 17:56:45 GMT" time="28.731" errors="0">
  <testcase name="loginPageTitleTest" time="28.731" classname="com.crm.qa.testcases.LoginPageTest"/>
</testsuite> <!-- com.crm.qa.testcases.LoginPageTest -->
